<?xml version="1.0" encoding="UTF-8"?>
<testng-results skipped="0" failed="0" ignored="0" total="3" passed="3">
  <reporter-output>
  </reporter-output>
  <suite name="Default suite" duration-ms="15985" started-at="2020-04-26T23:40:59 PDT" finished-at="2020-04-26T23:41:15 PDT">
    <groups>
    </groups>
    <test name="Default test" duration-ms="15985" started-at="2020-04-26T23:40:59 PDT" finished-at="2020-04-26T23:41:15 PDT">
      <class name="com.test.LoginPageTest">
        <test-method status="PASS" signature="beforeSuite()[pri:0, instance:com.test.LoginPageTest@4bbfb90a]" name="beforeSuite" is-config="true" duration-ms="7499" started-at="2020-04-26T23:40:51 PDT" finished-at="2020-04-26T23:40:59 PDT">
          <reporter-output>
          </reporter-output>
        </test-method> <!-- beforeSuite -->
        <test-method status="PASS" signature="clickSigninLinkTest()[pri:1, instance:com.test.LoginPageTest@4bbfb90a]" name="clickSigninLinkTest" duration-ms="1909" started-at="2020-04-26T23:40:59 PDT" finished-at="2020-04-26T23:41:00 PDT">
          <reporter-output>
          </reporter-output>
        </test-method> <!-- clickSigninLinkTest -->
        <test-method status="PASS" signature="createNewTaskTest(java.lang.String, java.lang.String, java.lang.String, java.lang.String, java.lang.String, java.lang.String, java.lang.String, java.lang.String)[pri:2, instance:com.test.LoginPageTest@4bbfb90a]" name="createNewTaskTest" duration-ms="7185" started-at="2020-04-26T23:41:01 PDT" data-provider="getTaskTestData" finished-at="2020-04-26T23:41:08 PDT">
          <params>
            <param index="0">
              <value>
                <![CDATA[DB Test]]>
              </value>
            </param>
            <param index="1">
              <value>
                <![CDATA[Rani]]>
              </value>
            </param>
            <param index="2">
              <value>
                <![CDATA[30.0]]>
              </value>
            </param>
            <param index="3">
              <value>
                <![CDATA[Database Testing]]>
              </value>
            </param>
            <param index="4">
              <value>
                <![CDATA[middle]]>
              </value>
            </param>
            <param index="5">
              <value>
                <![CDATA[janani]]>
              </value>
            </param>
            <param index="6">
              <value>
                <![CDATA[db10]]>
              </value>
            </param>
            <param index="7">
              <value>
                <![CDATA[rajanani@gmail.com]]>
              </value>
            </param>
          </params>
          <reporter-output>
          </reporter-output>
        </test-method> <!-- createNewTaskTest -->
        <test-method status="PASS" signature="createNewTaskTest(java.lang.String, java.lang.String, java.lang.String, java.lang.String, java.lang.String, java.lang.String, java.lang.String, java.lang.String)[pri:2, instance:com.test.LoginPageTest@4bbfb90a]" name="createNewTaskTest" duration-ms="6199" started-at="2020-04-26T23:41:08 PDT" data-provider="getTaskTestData" finished-at="2020-04-26T23:41:15 PDT">
          <params>
            <param index="0">
              <value>
                <![CDATA[UI Test]]>
              </value>
            </param>
            <param index="1">
              <value>
                <![CDATA[Maya]]>
              </value>
            </param>
            <param index="2">
              <value>
                <![CDATA[20.0]]>
              </value>
            </param>
            <param index="3">
              <value>
                <![CDATA[UI Testing]]>
              </value>
            </param>
            <param index="4">
              <value>
                <![CDATA[begin]]>
              </value>
            </param>
            <param index="5">
              <value>
                <![CDATA[jenu]]>
              </value>
            </param>
            <param index="6">
              <value>
                <![CDATA[UI11]]>
              </value>
            </param>
            <param index="7">
              <value>
                <![CDATA[]]>
              </value>
            </param>
          </params>
          <reporter-output>
          </reporter-output>
        </test-method> <!-- createNewTaskTest -->
        <test-method status="PASS" signature="tearDown()[pri:0, instance:com.test.LoginPageTest@4bbfb90a]" name="tearDown" is-config="true" duration-ms="1" started-at="2020-04-26T23:41:15 PDT" finished-at="2020-04-26T23:41:15 PDT">
          <reporter-output>
          </reporter-output>
        </test-method> <!-- tearDown -->
      </class> <!-- com.test.LoginPageTest -->
    </test> <!-- Default test -->
  </suite> <!-- Default suite -->
</testng-results>
