<?xml version="1.0" encoding="UTF-8"?>
<!-- Generated by org.testng.reporters.JUnitXMLReporter -->
<testsuite hostname="DESKTOP-NNKP2EV" ignored="0" name="Default test" tests="3" failures="0" timestamp="2020-04-26T23:41:15 PDT" time="15.985" errors="0">
  <testcase name="clickSigninLinkTest" time="1.909" classname="com.test.LoginPageTest"/>
  <testcase name="createNewTaskTest" time="7.185" classname="com.test.LoginPageTest"/>
  <testcase name="createNewTaskTest" time="6.199" classname="com.test.LoginPageTest"/>
</testsuite> <!-- Default test -->
